0 info it worked if it ends with ok
1 verbose cli [ 'C:\\Program Files (x86)\\nodejs\\node.exe',
1 verbose cli   'C:\\Users\\Gregory\\AppData\\Roaming\\npm\\node_modules\\npm\\bin\\npm-cli.js',
1 verbose cli   'start' ]
2 info using npm@3.10.6
3 info using node@v4.2.2
4 verbose run-script [ 'prestart', 'start', 'poststart' ]
5 info lifecycle mastery-bot@1.0.0~prestart: mastery-bot@1.0.0
6 silly lifecycle mastery-bot@1.0.0~prestart: no script for prestart, continuing
7 info lifecycle mastery-bot@1.0.0~start: mastery-bot@1.0.0
8 verbose lifecycle mastery-bot@1.0.0~start: unsafe-perm in lifecycle true
9 verbose lifecycle mastery-bot@1.0.0~start: PATH: C:\Users\Gregory\AppData\Roaming\npm\node_modules\npm\bin\node-gyp-bin;C:\Dropbox\UwAmp\www\mastery-bot\node_modules\.bin;C:\Program Files (x86)\cmder\bin;C:\Program Files\Git\bin;C:\Program Files\Git\usr\bin;C:\Program Files\Git\share\vim\vim74;C:\Program Files (x86)\cmder\vendor\conemu-maximus5\ConEmu\Scripts;C:\Program Files (x86)\cmder\vendor\conemu-maximus5;C:\Program Files (x86)\cmder\vendor\conemu-maximus5\ConEmu;C:\Program Files (x86)\NVIDIA Corporation\PhysX\Common;C:\ProgramData\Oracle\Java\javapath;C:\Program Files (x86)\Intel\iCLS Client\;C:\Program Files\Intel\iCLS Client\;C:\WINDOWS\system32;C:\WINDOWS;C:\WINDOWS\System32\Wbem;C:\WINDOWS\System32\WindowsPowerShell\v1.0\;C:\Program Files (x86)\ATI Technologies\ATI.ACE\Core-Static;C:\Program Files\Intel\Intel(R) Management Engine Components\DAL;C:\Program Files\Intel\Intel(R) Management Engine Components\IPT;C:\Program Files (x86)\Intel\Intel(R) Management Engine Components\DAL;C:\Program Files (x86)\Intel\Intel(R) Management Engine Components\IPT;c:\Program Files (x86)\Microsoft SQL Server\100\Tools\Binn\;c:\Program Files\Microsoft SQL Server\100\Tools\Binn\;c:\Program Files\Microsoft SQL Server\100\DTS\Binn\;C:\Program Files\Microsoft SQL Server\110\Tools\Binn\;C:\Program Files\Microsoft\Web Platform Installer\;C:\Program Files (x86)\Windows Kits\8.1\Windows Performance Toolkit\;C:\Program Files (x86)\Windows Live\Shared;C:\Users\Gregory\Dropbox\USBWebserver v8.6\php;C:\Dropbox\Ampps\php;C:\Program Files (x86)\nodejs\;C:\Program Files (x86)\Skype\Phone\;C:\Program Files (x86)\GNU\GnuPG\pub;C:\WINDOWS\system32\config\systemprofile\.dnx\bin;C:\Program Files\Microsoft DNX\Dnvm\;C:\Program Files\Microsoft SQL Server\130\Tools\Binn\;C:\Dropbox\UwAmp\bin\php\php-7.0.6-Win32-VC14-x86;C:\ProgramData\ComposerSetup\bin;C:\Program Files (x86)\NSIS;C:\ProgramData\chocolatey\bin;C:\cygwin64\bin;C:\Ruby22\bin;C:\Users\Gregory\AppData\Roaming\npm;C:\Program Files (x86)\Nmap;C:\Users\Gregory\AppData\Roaming\Composer\vendor\bin;C:\Program Files (x86)\NSIS;C:\Program Files (x86)\cmder
10 verbose lifecycle mastery-bot@1.0.0~start: CWD: C:\Dropbox\UwAmp\www\mastery-bot
11 silly lifecycle mastery-bot@1.0.0~start: Args: [ '/d /s /c', 'node server.js' ]
12 silly lifecycle mastery-bot@1.0.0~start: Returned: code: 1  signal: null
13 info lifecycle mastery-bot@1.0.0~start: Failed to exec start script
14 verbose stack Error: mastery-bot@1.0.0 start: `node server.js`
14 verbose stack Exit status 1
14 verbose stack     at EventEmitter.<anonymous> (C:\Users\Gregory\AppData\Roaming\npm\node_modules\npm\lib\utils\lifecycle.js:255:16)
14 verbose stack     at emitTwo (events.js:87:13)
14 verbose stack     at EventEmitter.emit (events.js:172:7)
14 verbose stack     at ChildProcess.<anonymous> (C:\Users\Gregory\AppData\Roaming\npm\node_modules\npm\lib\utils\spawn.js:40:14)
14 verbose stack     at emitTwo (events.js:87:13)
14 verbose stack     at ChildProcess.emit (events.js:172:7)
14 verbose stack     at maybeClose (internal/child_process.js:818:16)
14 verbose stack     at Process.ChildProcess._handle.onexit (internal/child_process.js:211:5)
15 verbose pkgid mastery-bot@1.0.0
16 verbose cwd C:\Dropbox\UwAmp\www\mastery-bot
17 error Windows_NT 10.0.10240
18 error argv "C:\\Program Files (x86)\\nodejs\\node.exe" "C:\\Users\\Gregory\\AppData\\Roaming\\npm\\node_modules\\npm\\bin\\npm-cli.js" "start"
19 error node v4.2.2
20 error npm  v3.10.6
21 error code ELIFECYCLE
22 error mastery-bot@1.0.0 start: `node server.js`
22 error Exit status 1
23 error Failed at the mastery-bot@1.0.0 start script 'node server.js'.
23 error Make sure you have the latest version of node.js and npm installed.
23 error If you do, this is most likely a problem with the mastery-bot package,
23 error not with npm itself.
23 error Tell the author that this fails on your system:
23 error     node server.js
23 error You can get information on how to open an issue for this project with:
23 error     npm bugs mastery-bot
23 error Or if that isn't available, you can get their info via:
23 error     npm owner ls mastery-bot
23 error There is likely additional logging output above.
24 verbose exit [ 1, true ]
